/home/prateek/threat_ws/install/threat_system/lib/python3.12/site-packages/threat_system/dashboard_node.py
/home/prateek/threat_ws/install/threat_system/lib/python3.12/site-packages/threat_system/tracker_node.py
/home/prateek/threat_ws/install/threat_system/lib/python3.12/site-packages/threat_system/audio_node.py
/home/prateek/threat_ws/install/threat_system/lib/python3.12/site-packages/threat_system/threat_node.py
/home/prateek/threat_ws/install/threat_system/lib/python3.12/site-packages/threat_system/camera_node.py
/home/prateek/threat_ws/install/threat_system/lib/python3.12/site-packages/threat_system/logger_node.py
/home/prateek/threat_ws/install/threat_system/lib/python3.12/site-packages/threat_system/thermal_node.py
/home/prateek/threat_ws/install/threat_system/lib/python3.12/site-packages/threat_system/fusion_node.py
/home/prateek/threat_ws/install/threat_system/lib/python3.12/site-packages/threat_system/__init__.py
/home/prateek/threat_ws/install/threat_system/lib/python3.12/site-packages/threat_system/detector_node.py
/home/prateek/threat_ws/install/threat_system/lib/python3.12/site-packages/threat_system/radar_node.py
/home/prateek/threat_ws/install/threat_system/lib/python3.12/site-packages/threat_system/__pycache__/dashboard_node.cpython-312.pyc
/home/prateek/threat_ws/install/threat_system/lib/python3.12/site-packages/threat_system/__pycache__/tracker_node.cpython-312.pyc
/home/prateek/threat_ws/install/threat_system/lib/python3.12/site-packages/threat_system/__pycache__/audio_node.cpython-312.pyc
/home/prateek/threat_ws/install/threat_system/lib/python3.12/site-packages/threat_system/__pycache__/threat_node.cpython-312.pyc
/home/prateek/threat_ws/install/threat_system/lib/python3.12/site-packages/threat_system/__pycache__/camera_node.cpython-312.pyc
/home/prateek/threat_ws/install/threat_system/lib/python3.12/site-packages/threat_system/__pycache__/logger_node.cpython-312.pyc
/home/prateek/threat_ws/install/threat_system/lib/python3.12/site-packages/threat_system/__pycache__/thermal_node.cpython-312.pyc
/home/prateek/threat_ws/install/threat_system/lib/python3.12/site-packages/threat_system/__pycache__/fusion_node.cpython-312.pyc
/home/prateek/threat_ws/install/threat_system/lib/python3.12/site-packages/threat_system/__pycache__/__init__.cpython-312.pyc
/home/prateek/threat_ws/install/threat_system/lib/python3.12/site-packages/threat_system/__pycache__/detector_node.cpython-312.pyc
/home/prateek/threat_ws/install/threat_system/lib/python3.12/site-packages/threat_system/__pycache__/radar_node.cpython-312.pyc
/home/prateek/threat_ws/install/threat_system/share/ament_index/resource_index/packages/threat_system
/home/prateek/threat_ws/install/threat_system/share/threat_system/package.xml
/home/prateek/threat_ws/install/threat_system/lib/python3.12/site-packages/threat_system-0.0.0-py3.12.egg-info/entry_points.txt
/home/prateek/threat_ws/install/threat_system/lib/python3.12/site-packages/threat_system-0.0.0-py3.12.egg-info/SOURCES.txt
/home/prateek/threat_ws/install/threat_system/lib/python3.12/site-packages/threat_system-0.0.0-py3.12.egg-info/requires.txt
/home/prateek/threat_ws/install/threat_system/lib/python3.12/site-packages/threat_system-0.0.0-py3.12.egg-info/zip-safe
/home/prateek/threat_ws/install/threat_system/lib/python3.12/site-packages/threat_system-0.0.0-py3.12.egg-info/dependency_links.txt
/home/prateek/threat_ws/install/threat_system/lib/python3.12/site-packages/threat_system-0.0.0-py3.12.egg-info/top_level.txt
/home/prateek/threat_ws/install/threat_system/lib/python3.12/site-packages/threat_system-0.0.0-py3.12.egg-info/PKG-INFO
/home/prateek/threat_ws/install/threat_system/lib/threat_system/audio_node
/home/prateek/threat_ws/install/threat_system/lib/threat_system/camera_node
/home/prateek/threat_ws/install/threat_system/lib/threat_system/dashboard_node
/home/prateek/threat_ws/install/threat_system/lib/threat_system/detector_node
/home/prateek/threat_ws/install/threat_system/lib/threat_system/fusion_node
/home/prateek/threat_ws/install/threat_system/lib/threat_system/logger_node
/home/prateek/threat_ws/install/threat_system/lib/threat_system/radar_node
/home/prateek/threat_ws/install/threat_system/lib/threat_system/thermal_node
/home/prateek/threat_ws/install/threat_system/lib/threat_system/threat_node
/home/prateek/threat_ws/install/threat_system/lib/threat_system/tracker_node
