running egg_info
creating ../../build/threat_system/threat_system.egg-info
writing ../../build/threat_system/threat_system.egg-info/PKG-INFO
writing dependency_links to ../../build/threat_system/threat_system.egg-info/dependency_links.txt
writing requirements to ../../build/threat_system/threat_system.egg-info/requires.txt
writing top-level names to ../../build/threat_system/threat_system.egg-info/top_level.txt
writing manifest file '../../build/threat_system/threat_system.egg-info/SOURCES.txt'
reading manifest file '../../build/threat_system/threat_system.egg-info/SOURCES.txt'
writing manifest file '../../build/threat_system/threat_system.egg-info/SOURCES.txt'
running build
running build_py
creating /home/prateek/threat_ws/build/threat_system/build
creating /home/prateek/threat_ws/build/threat_system/build/lib
creating /home/prateek/threat_ws/build/threat_system/build/lib/threat_system
copying threat_system/__init__.py -> /home/prateek/threat_ws/build/threat_system/build/lib/threat_system
running install
running install_lib
creating /home/prateek/threat_ws/install/threat_system/lib/python3.12/site-packages/threat_system
copying /home/prateek/threat_ws/build/threat_system/build/lib/threat_system/__init__.py -> /home/prateek/threat_ws/install/threat_system/lib/python3.12/site-packages/threat_system
byte-compiling /home/prateek/threat_ws/install/threat_system/lib/python3.12/site-packages/threat_system/__init__.py to __init__.cpython-312.pyc
running install_data
creating /home/prateek/threat_ws/install/threat_system/share/ament_index
creating /home/prateek/threat_ws/install/threat_system/share/ament_index/resource_index
creating /home/prateek/threat_ws/install/threat_system/share/ament_index/resource_index/packages
copying resource/threat_system -> /home/prateek/threat_ws/install/threat_system/share/ament_index/resource_index/packages
copying package.xml -> /home/prateek/threat_ws/install/threat_system/share/threat_system
running install_egg_info
Copying ../../build/threat_system/threat_system.egg-info to /home/prateek/threat_ws/install/threat_system/lib/python3.12/site-packages/threat_system-0.0.0-py3.12.egg-info
running install_scripts
writing list of installed files to '/home/prateek/threat_ws/build/threat_system/install.log'
