[1.884s] Invoking command in '/home/prateek/threat_ws/src/threat_system': PYTHONPATH=/home/prateek/threat_ws/build/threat_system/prefix_override:/usr/lib/python3/dist-packages/colcon_core/task/python/colcon_distutils_commands:/home/prateek/threat_ws/install/threat_system/lib/python3.12/site-packages:${PYTHONPATH} /usr/bin/python3 -W ignore:setup.py install is deprecated -W ignore:easy_install command is deprecated setup.py egg_info --egg-base ../../build/threat_system build --build-base /home/prateek/threat_ws/build/threat_system/build install --record /home/prateek/threat_ws/build/threat_system/install.log --single-version-externally-managed install_data
[2.328s] running egg_info
[2.329s] creating ../../build/threat_system/threat_system.egg-info
[2.358s] writing ../../build/threat_system/threat_system.egg-info/PKG-INFO
[2.359s] writing dependency_links to ../../build/threat_system/threat_system.egg-info/dependency_links.txt
[2.359s] writing requirements to ../../build/threat_system/threat_system.egg-info/requires.txt
[2.360s] writing top-level names to ../../build/threat_system/threat_system.egg-info/top_level.txt
[2.360s] writing manifest file '../../build/threat_system/threat_system.egg-info/SOURCES.txt'
[2.426s] reading manifest file '../../build/threat_system/threat_system.egg-info/SOURCES.txt'
[2.427s] writing manifest file '../../build/threat_system/threat_system.egg-info/SOURCES.txt'
[2.427s] running build
[2.428s] running build_py
[2.428s] creating /home/prateek/threat_ws/build/threat_system/build
[2.429s] creating /home/prateek/threat_ws/build/threat_system/build/lib
[2.430s] creating /home/prateek/threat_ws/build/threat_system/build/lib/threat_system
[2.431s] copying threat_system/__init__.py -> /home/prateek/threat_ws/build/threat_system/build/lib/threat_system
[2.432s] running install
[2.441s] running install_lib
[2.473s] creating /home/prateek/threat_ws/install/threat_system/lib/python3.12/site-packages/threat_system
[2.474s] copying /home/prateek/threat_ws/build/threat_system/build/lib/threat_system/__init__.py -> /home/prateek/threat_ws/install/threat_system/lib/python3.12/site-packages/threat_system
[2.475s] byte-compiling /home/prateek/threat_ws/install/threat_system/lib/python3.12/site-packages/threat_system/__init__.py to __init__.cpython-312.pyc
[2.477s] running install_data
[2.477s] creating /home/prateek/threat_ws/install/threat_system/share/ament_index
[2.478s] creating /home/prateek/threat_ws/install/threat_system/share/ament_index/resource_index
[2.479s] creating /home/prateek/threat_ws/install/threat_system/share/ament_index/resource_index/packages
[2.480s] copying resource/threat_system -> /home/prateek/threat_ws/install/threat_system/share/ament_index/resource_index/packages
[2.480s] copying package.xml -> /home/prateek/threat_ws/install/threat_system/share/threat_system
[2.480s] running install_egg_info
[2.515s] Copying ../../build/threat_system/threat_system.egg-info to /home/prateek/threat_ws/install/threat_system/lib/python3.12/site-packages/threat_system-0.0.0-py3.12.egg-info
[2.518s] running install_scripts
[2.741s] writing list of installed files to '/home/prateek/threat_ws/build/threat_system/install.log'
[2.786s] Invoked command in '/home/prateek/threat_ws/src/threat_system' returned '0': PYTHONPATH=/home/prateek/threat_ws/build/threat_system/prefix_override:/usr/lib/python3/dist-packages/colcon_core/task/python/colcon_distutils_commands:/home/prateek/threat_ws/install/threat_system/lib/python3.12/site-packages:${PYTHONPATH} /usr/bin/python3 -W ignore:setup.py install is deprecated -W ignore:easy_install command is deprecated setup.py egg_info --egg-base ../../build/threat_system build --build-base /home/prateek/threat_ws/build/threat_system/build install --record /home/prateek/threat_ws/build/threat_system/install.log --single-version-externally-managed install_data
