[1.529s] Invoking command in '/home/prateek/threat_ws/src/threat_system': PYTHONPATH=/home/prateek/threat_ws/build/threat_system/prefix_override:/usr/lib/python3/dist-packages/colcon_core/task/python/colcon_distutils_commands:/home/prateek/threat_ws/install/threat_system/lib/python3.12/site-packages:${PYTHONPATH} /usr/bin/python3 -W ignore:setup.py install is deprecated -W ignore:easy_install command is deprecated setup.py egg_info --egg-base ../../build/threat_system build --build-base /home/prateek/threat_ws/build/threat_system/build install --record /home/prateek/threat_ws/build/threat_system/install.log --single-version-externally-managed install_data
[1.998s] running egg_info
[2.032s] writing ../../build/threat_system/threat_system.egg-info/PKG-INFO
[2.032s] writing dependency_links to ../../build/threat_system/threat_system.egg-info/dependency_links.txt
[2.032s] writing entry points to ../../build/threat_system/threat_system.egg-info/entry_points.txt
[2.032s] writing requirements to ../../build/threat_system/threat_system.egg-info/requires.txt
[2.033s] writing top-level names to ../../build/threat_system/threat_system.egg-info/top_level.txt
[2.111s] reading manifest file '../../build/threat_system/threat_system.egg-info/SOURCES.txt'
[2.112s] writing manifest file '../../build/threat_system/threat_system.egg-info/SOURCES.txt'
[2.113s] running build
[2.113s] running build_py
[2.114s] running install
[2.124s] running install_lib
[2.165s] running install_data
[2.166s] running install_egg_info
[2.201s] removing '/home/prateek/threat_ws/install/threat_system/lib/python3.12/site-packages/threat_system-0.0.0-py3.12.egg-info' (and everything under it)
[2.202s] Copying ../../build/threat_system/threat_system.egg-info to /home/prateek/threat_ws/install/threat_system/lib/python3.12/site-packages/threat_system-0.0.0-py3.12.egg-info
[2.205s] running install_scripts
[2.459s] Installing audio_node script to /home/prateek/threat_ws/install/threat_system/lib/threat_system
[2.460s] Installing camera_node script to /home/prateek/threat_ws/install/threat_system/lib/threat_system
[2.460s] Installing detector_node script to /home/prateek/threat_ws/install/threat_system/lib/threat_system
[2.461s] Installing radar_node script to /home/prateek/threat_ws/install/threat_system/lib/threat_system
[2.461s] Installing thermal_node script to /home/prateek/threat_ws/install/threat_system/lib/threat_system
[2.462s] writing list of installed files to '/home/prateek/threat_ws/build/threat_system/install.log'
[2.511s] Invoked command in '/home/prateek/threat_ws/src/threat_system' returned '0': PYTHONPATH=/home/prateek/threat_ws/build/threat_system/prefix_override:/usr/lib/python3/dist-packages/colcon_core/task/python/colcon_distutils_commands:/home/prateek/threat_ws/install/threat_system/lib/python3.12/site-packages:${PYTHONPATH} /usr/bin/python3 -W ignore:setup.py install is deprecated -W ignore:easy_install command is deprecated setup.py egg_info --egg-base ../../build/threat_system build --build-base /home/prateek/threat_ws/build/threat_system/build install --record /home/prateek/threat_ws/build/threat_system/install.log --single-version-externally-managed install_data
