[2.036s] Invoking command in '/home/prateek/threat_ws/src/threat_system': PYTHONPATH=/home/prateek/threat_ws/build/threat_system/prefix_override:/usr/lib/python3/dist-packages/colcon_core/task/python/colcon_distutils_commands:/home/prateek/threat_ws/install/threat_system/lib/python3.12/site-packages:${PYTHONPATH} /usr/bin/python3 -W ignore:setup.py install is deprecated -W ignore:easy_install command is deprecated setup.py egg_info --egg-base ../../build/threat_system build --build-base /home/prateek/threat_ws/build/threat_system/build install --record /home/prateek/threat_ws/build/threat_system/install.log --single-version-externally-managed install_data
[2.665s] running egg_info
[2.717s] writing ../../build/threat_system/threat_system.egg-info/PKG-INFO
[2.718s] writing dependency_links to ../../build/threat_system/threat_system.egg-info/dependency_links.txt
[2.719s] writing entry points to ../../build/threat_system/threat_system.egg-info/entry_points.txt
[2.719s] writing requirements to ../../build/threat_system/threat_system.egg-info/requires.txt
[2.720s] writing top-level names to ../../build/threat_system/threat_system.egg-info/top_level.txt
[2.818s] reading manifest file '../../build/threat_system/threat_system.egg-info/SOURCES.txt'
[2.821s] writing manifest file '../../build/threat_system/threat_system.egg-info/SOURCES.txt'
[2.822s] running build
[2.822s] running build_py
[2.822s] copying threat_system/fusion_node.py -> /home/prateek/threat_ws/build/threat_system/build/lib/threat_system
[2.824s] running install
[2.836s] running install_lib
[2.877s] copying /home/prateek/threat_ws/build/threat_system/build/lib/threat_system/fusion_node.py -> /home/prateek/threat_ws/install/threat_system/lib/python3.12/site-packages/threat_system
[2.878s] byte-compiling /home/prateek/threat_ws/install/threat_system/lib/python3.12/site-packages/threat_system/fusion_node.py to fusion_node.cpython-312.pyc
[2.882s] running install_data
[2.882s] running install_egg_info
[2.931s] removing '/home/prateek/threat_ws/install/threat_system/lib/python3.12/site-packages/threat_system-0.0.0-py3.12.egg-info' (and everything under it)
[2.932s] Copying ../../build/threat_system/threat_system.egg-info to /home/prateek/threat_ws/install/threat_system/lib/python3.12/site-packages/threat_system-0.0.0-py3.12.egg-info
[2.937s] running install_scripts
[3.233s] Installing audio_node script to /home/prateek/threat_ws/install/threat_system/lib/threat_system
[3.234s] Installing camera_node script to /home/prateek/threat_ws/install/threat_system/lib/threat_system
[3.234s] Installing detector_node script to /home/prateek/threat_ws/install/threat_system/lib/threat_system
[3.235s] Installing fusion_node script to /home/prateek/threat_ws/install/threat_system/lib/threat_system
[3.235s] Installing radar_node script to /home/prateek/threat_ws/install/threat_system/lib/threat_system
[3.236s] Installing thermal_node script to /home/prateek/threat_ws/install/threat_system/lib/threat_system
[3.236s] Installing tracker_node script to /home/prateek/threat_ws/install/threat_system/lib/threat_system
[3.237s] writing list of installed files to '/home/prateek/threat_ws/build/threat_system/install.log'
[3.338s] Invoked command in '/home/prateek/threat_ws/src/threat_system' returned '0': PYTHONPATH=/home/prateek/threat_ws/build/threat_system/prefix_override:/usr/lib/python3/dist-packages/colcon_core/task/python/colcon_distutils_commands:/home/prateek/threat_ws/install/threat_system/lib/python3.12/site-packages:${PYTHONPATH} /usr/bin/python3 -W ignore:setup.py install is deprecated -W ignore:easy_install command is deprecated setup.py egg_info --egg-base ../../build/threat_system build --build-base /home/prateek/threat_ws/build/threat_system/build install --record /home/prateek/threat_ws/build/threat_system/install.log --single-version-externally-managed install_data
