[2.963s] Invoking command in '/home/prateek/threat_ws/src/threat_system': PYTHONPATH=/home/prateek/threat_ws/build/threat_system/prefix_override:/usr/lib/python3/dist-packages/colcon_core/task/python/colcon_distutils_commands:/home/prateek/threat_ws/install/threat_system/lib/python3.12/site-packages:${PYTHONPATH} /usr/bin/python3 -W ignore:setup.py install is deprecated -W ignore:easy_install command is deprecated setup.py egg_info --egg-base ../../build/threat_system build --build-base /home/prateek/threat_ws/build/threat_system/build install --record /home/prateek/threat_ws/build/threat_system/install.log --single-version-externally-managed install_data
[3.853s] running egg_info
[3.913s] writing ../../build/threat_system/threat_system.egg-info/PKG-INFO
[3.917s] writing dependency_links to ../../build/threat_system/threat_system.egg-info/dependency_links.txt
[3.918s] writing entry points to ../../build/threat_system/threat_system.egg-info/entry_points.txt
[3.919s] writing requirements to ../../build/threat_system/threat_system.egg-info/requires.txt
[3.919s] writing top-level names to ../../build/threat_system/threat_system.egg-info/top_level.txt
[4.051s] reading manifest file '../../build/threat_system/threat_system.egg-info/SOURCES.txt'
[4.055s] writing manifest file '../../build/threat_system/threat_system.egg-info/SOURCES.txt'
[4.056s] running build
[4.056s] running build_py
[4.056s] copying threat_system/dashboard_node.py -> /home/prateek/threat_ws/build/threat_system/build/lib/threat_system
[4.057s] running install
[4.075s] running install_lib
[4.134s] copying /home/prateek/threat_ws/build/threat_system/build/lib/threat_system/dashboard_node.py -> /home/prateek/threat_ws/install/threat_system/lib/python3.12/site-packages/threat_system
[4.137s] byte-compiling /home/prateek/threat_ws/install/threat_system/lib/python3.12/site-packages/threat_system/dashboard_node.py to dashboard_node.cpython-312.pyc
[4.144s] running install_data
[4.144s] running install_egg_info
[4.205s] removing '/home/prateek/threat_ws/install/threat_system/lib/python3.12/site-packages/threat_system-0.0.0-py3.12.egg-info' (and everything under it)
[4.207s] Copying ../../build/threat_system/threat_system.egg-info to /home/prateek/threat_ws/install/threat_system/lib/python3.12/site-packages/threat_system-0.0.0-py3.12.egg-info
[4.213s] running install_scripts
[4.673s] Installing audio_node script to /home/prateek/threat_ws/install/threat_system/lib/threat_system
[4.673s] Installing camera_node script to /home/prateek/threat_ws/install/threat_system/lib/threat_system
[4.674s] Installing dashboard_node script to /home/prateek/threat_ws/install/threat_system/lib/threat_system
[4.674s] Installing detector_node script to /home/prateek/threat_ws/install/threat_system/lib/threat_system
[4.674s] Installing fusion_node script to /home/prateek/threat_ws/install/threat_system/lib/threat_system
[4.675s] Installing radar_node script to /home/prateek/threat_ws/install/threat_system/lib/threat_system
[4.675s] Installing thermal_node script to /home/prateek/threat_ws/install/threat_system/lib/threat_system
[4.675s] Installing threat_node script to /home/prateek/threat_ws/install/threat_system/lib/threat_system
[4.675s] Installing tracker_node script to /home/prateek/threat_ws/install/threat_system/lib/threat_system
[4.679s] writing list of installed files to '/home/prateek/threat_ws/build/threat_system/install.log'
[4.835s] Invoked command in '/home/prateek/threat_ws/src/threat_system' returned '0': PYTHONPATH=/home/prateek/threat_ws/build/threat_system/prefix_override:/usr/lib/python3/dist-packages/colcon_core/task/python/colcon_distutils_commands:/home/prateek/threat_ws/install/threat_system/lib/python3.12/site-packages:${PYTHONPATH} /usr/bin/python3 -W ignore:setup.py install is deprecated -W ignore:easy_install command is deprecated setup.py egg_info --egg-base ../../build/threat_system build --build-base /home/prateek/threat_ws/build/threat_system/build install --record /home/prateek/threat_ws/build/threat_system/install.log --single-version-externally-managed install_data
