running egg_info
writing ../../build/threat_system/threat_system.egg-info/PKG-INFO
writing dependency_links to ../../build/threat_system/threat_system.egg-info/dependency_links.txt
writing entry points to ../../build/threat_system/threat_system.egg-info/entry_points.txt
writing requirements to ../../build/threat_system/threat_system.egg-info/requires.txt
writing top-level names to ../../build/threat_system/threat_system.egg-info/top_level.txt
reading manifest file '../../build/threat_system/threat_system.egg-info/SOURCES.txt'
writing manifest file '../../build/threat_system/threat_system.egg-info/SOURCES.txt'
running build
running build_py
copying threat_system/audio_node.py -> /home/prateek/threat_ws/build/threat_system/build/lib/threat_system
running install
running install_lib
copying /home/prateek/threat_ws/build/threat_system/build/lib/threat_system/audio_node.py -> /home/prateek/threat_ws/install/threat_system/lib/python3.12/site-packages/threat_system
byte-compiling /home/prateek/threat_ws/install/threat_system/lib/python3.12/site-packages/threat_system/audio_node.py to audio_node.cpython-312.pyc
running install_data
running install_egg_info
removing '/home/prateek/threat_ws/install/threat_system/lib/python3.12/site-packages/threat_system-0.0.0-py3.12.egg-info' (and everything under it)
Copying ../../build/threat_system/threat_system.egg-info to /home/prateek/threat_ws/install/threat_system/lib/python3.12/site-packages/threat_system-0.0.0-py3.12.egg-info
running install_scripts
Installing audio_node script to /home/prateek/threat_ws/install/threat_system/lib/threat_system
Installing camera_node script to /home/prateek/threat_ws/install/threat_system/lib/threat_system
Installing radar_node script to /home/prateek/threat_ws/install/threat_system/lib/threat_system
Installing thermal_node script to /home/prateek/threat_ws/install/threat_system/lib/threat_system
writing list of installed files to '/home/prateek/threat_ws/build/threat_system/install.log'
